[     171ms] [WARNING] [Vue Router warn]: No match found for location with path "/console/orders" @ http://localhost:5174/@vite/client:509
[     172ms] [WARNING] [Vue Router warn]: No match found for location with path "/console/products" @ http://localhost:5174/@vite/client:509
[     172ms] [WARNING] [Vue Router warn]: No match found for location with path "/console/finance" @ http://localhost:5174/@vite/client:509
[     172ms] [WARNING] [Vue Router warn]: No match found for location with path "/console/security" @ http://localhost:5174/@vite/client:509
[     172ms] [WARNING] [Vue Router warn]: No match found for location with path "/console/resources" @ http://localhost:5174/@vite/client:509
[     172ms] [WARNING] [Vue Router warn]: No match found for location with path "/console/tickets" @ http://localhost:5174/@vite/client:509
[     173ms] [WARNING] [Vue Router warn]: No match found for location with path "/console/sub-accounts" @ http://localhost:5174/@vite/client:509
[     173ms] [WARNING] [Vue Router warn]: No match found for location with path "/console/cart" @ http://localhost:5174/@vite/client:509
[     173ms] [WARNING] [Vue Router warn]: No match found for location with path "/console/language" @ http://localhost:5174/@vite/client:509
[  110876ms] [WARNING] [Vue Router warn]: No match found for location with path "/console/orders" @ http://localhost:5174/@vite/client:509
[  110877ms] [WARNING] [Vue Router warn]: No match found for location with path "/console/products" @ http://localhost:5174/@vite/client:509
[  110877ms] [WARNING] [Vue Router warn]: No match found for location with path "/console/finance" @ http://localhost:5174/@vite/client:509
[  110877ms] [WARNING] [Vue Router warn]: No match found for location with path "/console/security" @ http://localhost:5174/@vite/client:509
[  110877ms] [WARNING] [Vue Router warn]: No match found for location with path "/console/resources" @ http://localhost:5174/@vite/client:509
[  110877ms] [WARNING] [Vue Router warn]: No match found for location with path "/console/tickets" @ http://localhost:5174/@vite/client:509
[  110878ms] [WARNING] [Vue Router warn]: No match found for location with path "/console/sub-accounts" @ http://localhost:5174/@vite/client:509
[  110878ms] [WARNING] [Vue Router warn]: No match found for location with path "/console/cart" @ http://localhost:5174/@vite/client:509
[  110878ms] [WARNING] [Vue Router warn]: No match found for location with path "/console/language" @ http://localhost:5174/@vite/client:509
[  111141ms] [WARNING] [Vue Router warn]: No match found for location with path "/console/orders" @ http://localhost:5174/@vite/client:509
[  111142ms] [WARNING] [Vue Router warn]: No match found for location with path "/console/products" @ http://localhost:5174/@vite/client:509
[  111142ms] [WARNING] [Vue Router warn]: No match found for location with path "/console/finance" @ http://localhost:5174/@vite/client:509
[  111142ms] [WARNING] [Vue Router warn]: No match found for location with path "/console/security" @ http://localhost:5174/@vite/client:509
[  111142ms] [WARNING] [Vue Router warn]: No match found for location with path "/console/resources" @ http://localhost:5174/@vite/client:509
[  111142ms] [WARNING] [Vue Router warn]: No match found for location with path "/console/tickets" @ http://localhost:5174/@vite/client:509
[  111142ms] [WARNING] [Vue Router warn]: No match found for location with path "/console/sub-accounts" @ http://localhost:5174/@vite/client:509
[  111143ms] [WARNING] [Vue Router warn]: No match found for location with path "/console/cart" @ http://localhost:5174/@vite/client:509
[  111143ms] [WARNING] [Vue Router warn]: No match found for location with path "/console/language" @ http://localhost:5174/@vite/client:509
[  250016ms] [WARNING] [Vue Router warn]: No match found for location with path "/console/orders" @ http://localhost:5174/@vite/client:509
[  250017ms] [WARNING] [Vue Router warn]: No match found for location with path "/console/products" @ http://localhost:5174/@vite/client:509
[  250019ms] [WARNING] [Vue Router warn]: No match found for location with path "/console/finance" @ http://localhost:5174/@vite/client:509
[  250019ms] [WARNING] [Vue Router warn]: No match found for location with path "/console/security" @ http://localhost:5174/@vite/client:509
[  250020ms] [WARNING] [Vue Router warn]: No match found for location with path "/console/resources" @ http://localhost:5174/@vite/client:509
[  250020ms] [WARNING] [Vue Router warn]: No match found for location with path "/console/tickets" @ http://localhost:5174/@vite/client:509
[  250020ms] [WARNING] [Vue Router warn]: No match found for location with path "/console/sub-accounts" @ http://localhost:5174/@vite/client:509
[  250020ms] [WARNING] [Vue Router warn]: No match found for location with path "/console/cart" @ http://localhost:5174/@vite/client:509
[  250021ms] [WARNING] [Vue Router warn]: No match found for location with path "/console/language" @ http://localhost:5174/@vite/client:509
[  250332ms] [WARNING] [Vue Router warn]: No match found for location with path "/console/orders" @ http://localhost:5174/@vite/client:509
[  250333ms] [WARNING] [Vue Router warn]: No match found for location with path "/console/products" @ http://localhost:5174/@vite/client:509
[  250334ms] [WARNING] [Vue Router warn]: No match found for location with path "/console/finance" @ http://localhost:5174/@vite/client:509
[  250335ms] [WARNING] [Vue Router warn]: No match found for location with path "/console/security" @ http://localhost:5174/@vite/client:509
[  250335ms] [WARNING] [Vue Router warn]: No match found for location with path "/console/resources" @ http://localhost:5174/@vite/client:509
[  250336ms] [WARNING] [Vue Router warn]: No match found for location with path "/console/tickets" @ http://localhost:5174/@vite/client:509
[  250336ms] [WARNING] [Vue Router warn]: No match found for location with path "/console/sub-accounts" @ http://localhost:5174/@vite/client:509
[  250337ms] [WARNING] [Vue Router warn]: No match found for location with path "/console/cart" @ http://localhost:5174/@vite/client:509
[  250337ms] [WARNING] [Vue Router warn]: No match found for location with path "/console/language" @ http://localhost:5174/@vite/client:509
[  502851ms] [ERROR] Failed to load resource: the server responded with a status of 500 (Internal Server Error) @ http://localhost:5174/src/views/console/ConsoleAccountInformationView.vue?t=1777213687677:0
[  502852ms] [ERROR] [vite] Failed to reload /src/views/console/ConsoleAccountInformationView.vue. This could be due to syntax errors or importing non-existent modules. (see errors above) @ http://localhost:5174/@vite/client:509
[  606995ms] [WARNING] [Vue Router warn]: No match found for location with path "/console/orders" @ http://localhost:5174/@vite/client:509
[  606996ms] [WARNING] [Vue Router warn]: No match found for location with path "/console/products" @ http://localhost:5174/@vite/client:509
[  606997ms] [WARNING] [Vue Router warn]: No match found for location with path "/console/finance" @ http://localhost:5174/@vite/client:509
[  606997ms] [WARNING] [Vue Router warn]: No match found for location with path "/console/security" @ http://localhost:5174/@vite/client:509
[  606997ms] [WARNING] [Vue Router warn]: No match found for location with path "/console/resources" @ http://localhost:5174/@vite/client:509
[  606997ms] [WARNING] [Vue Router warn]: No match found for location with path "/console/tickets" @ http://localhost:5174/@vite/client:509
[  606997ms] [WARNING] [Vue Router warn]: No match found for location with path "/console/sub-accounts" @ http://localhost:5174/@vite/client:509
[  606998ms] [WARNING] [Vue Router warn]: No match found for location with path "/console/cart" @ http://localhost:5174/@vite/client:509
[  606998ms] [WARNING] [Vue Router warn]: No match found for location with path "/console/language" @ http://localhost:5174/@vite/client:509
[  635768ms] [WARNING] [Vue Router warn]: No match found for location with path "/console/orders" @ http://localhost:5174/@vite/client:509
[  635769ms] [WARNING] [Vue Router warn]: No match found for location with path "/console/products" @ http://localhost:5174/@vite/client:509
[  635769ms] [WARNING] [Vue Router warn]: No match found for location with path "/console/finance" @ http://localhost:5174/@vite/client:509
[  635770ms] [WARNING] [Vue Router warn]: No match found for location with path "/console/security" @ http://localhost:5174/@vite/client:509
[  635770ms] [WARNING] [Vue Router warn]: No match found for location with path "/console/resources" @ http://localhost:5174/@vite/client:509
[  635770ms] [WARNING] [Vue Router warn]: No match found for location with path "/console/tickets" @ http://localhost:5174/@vite/client:509
[  635771ms] [WARNING] [Vue Router warn]: No match found for location with path "/console/sub-accounts" @ http://localhost:5174/@vite/client:509
[  635771ms] [WARNING] [Vue Router warn]: No match found for location with path "/console/cart" @ http://localhost:5174/@vite/client:509
[  635771ms] [WARNING] [Vue Router warn]: No match found for location with path "/console/language" @ http://localhost:5174/@vite/client:509
